# JRE version: OpenJDK Runtime Environment (8.0_265-b01) (build 1.8.0_265-8u265-b01-0ubuntu2~16.04-b01)
# Java VM: OpenJDK 64-Bit Server VM (25.265-b01 mixed mode linux-amd64 compressed oops)
Heap:
 def new generation   total 279808K, used 0K [0x0000000080000000, 0x0000000092f90000, 0x00000000aaaa0000)
  eden space 248768K,   0% used [0x0000000080000000, 0x0000000080000000, 0x000000008f2f0000)
  from space 31040K,   0% used [0x0000000091140000, 0x0000000091140000, 0x0000000092f90000)
  to   space 31040K,   0% used [0x000000008f2f0000, 0x000000008f2f0000, 0x0000000091140000)
 tenured generation   total 645016K, used 628537K [0x00000000aaaa0000, 0x00000000d2086000, 0x0000000100000000)
   the space 645016K,  97% used [0x00000000aaaa0000, 0x00000000d106e720, 0x00000000d106e800, 0x00000000d2086000)
 Metaspace       used 158240K, capacity 164536K, committed 164864K, reserved 1193984K
  class space    used 19611K, capacity 20925K, committed 20992K, reserved 1048576K
GC Heap History (10 events):
Event: 165.480 GC heap after
Heap after GC invocations=166 (full 10):
 def new generation   total 279808K, used 15718K [0x0000000080000000, 0x0000000092f90000, 0x00000000aaaa0000)
  eden space 248768K,   0% used [0x0000000080000000, 0x0000000080000000, 0x000000008f2f0000)
  from space 31040K,  50% used [0x000000008f2f0000, 0x00000000902498f0, 0x0000000091140000)
  to   space 31040K,   0% used [0x0000000091140000, 0x0000000091140000, 0x0000000092f90000)
 tenured generation   total 621400K, used 563935K [0x00000000aaaa0000, 0x00000000d0976000, 0x0000000100000000)
   the space 621400K,  90% used [0x00000000aaaa0000, 0x00000000cd157f80, 0x00000000cd158000, 0x00000000d0976000)
 Metaspace       used 156971K, capacity 163096K, committed 163200K, reserved 1191936K
  class space    used 19473K, capacity 20761K, committed 20864K, reserved 1048576K
}
Event: 167.907 GC heap before
{Heap before GC invocations=166 (full 10):
 def new generation   total 279808K, used 264486K [0x0000000080000000, 0x0000000092f90000, 0x00000000aaaa0000)
  eden space 248768K, 100% used [0x0000000080000000, 0x000000008f2f0000, 0x000000008f2f0000)
  from space 31040K,  50% used [0x000000008f2f0000, 0x00000000902498f0, 0x0000000091140000)
  to   space 31040K,   0% used [0x0000000091140000, 0x0000000091140000, 0x0000000092f90000)
 tenured generation   total 621400K, used 563935K [0x00000000aaaa0000, 0x00000000d0976000, 0x0000000100000000)
   the space 621400K,  90% used [0x00000000aaaa0000, 0x00000000cd157f80, 0x00000000cd158000, 0x00000000d0976000)
 Metaspace       used 157046K, capacity 163178K, committed 163456K, reserved 1191936K
  class space    used 19482K, capacity 20764K, committed 20864K, reserved 1048576K
Event: 167.998 GC heap after
Heap after GC invocations=167 (full 10):
 def new generation   total 279808K, used 3337K [0x0000000080000000, 0x0000000092f90000, 0x00000000aaaa0000)
  eden space 248768K,   0% used [0x0000000080000000, 0x0000000080000000, 0x000000008f2f0000)
  from space 31040K,  10% used [0x0000000091140000, 0x0000000091482450, 0x0000000092f90000)
  to   space 31040K,   0% used [0x000000008f2f0000, 0x000000008f2f0000, 0x0000000091140000)
 tenured generation   total 621400K, used 579600K [0x00000000aaaa0000, 0x00000000d0976000, 0x0000000100000000)
   the space 621400K,  93% used [0x00000000aaaa0000, 0x00000000ce0a43a0, 0x00000000ce0a4400, 0x00000000d0976000)
 Metaspace       used 157046K, capacity 163178K, committed 163456K, reserved 1191936K
  class space    used 19482K, capacity 20764K, committed 20864K, reserved 1048576K
}
Event: 169.813 GC heap before
{Heap before GC invocations=167 (full 10):
 def new generation   total 279808K, used 252105K [0x0000000080000000, 0x0000000092f90000, 0x00000000aaaa0000)
  eden space 248768K, 100% used [0x0000000080000000, 0x000000008f2f0000, 0x000000008f2f0000)
  from space 31040K,  10% used [0x0000000091140000, 0x0000000091482450, 0x0000000092f90000)
  to   space 31040K,   0% used [0x000000008f2f0000, 0x000000008f2f0000, 0x0000000091140000)
 tenured generation   total 621400K, used 579600K [0x00000000aaaa0000, 0x00000000d0976000, 0x0000000100000000)
   the space 621400K,  93% used [0x00000000aaaa0000, 0x00000000ce0a43a0, 0x00000000ce0a4400, 0x00000000d0976000)
 Metaspace       used 157046K, capacity 163178K, committed 163456K, reserved 1191936K
  class space    used 19483K, capacity 20764K, committed 20864K, reserved 1048576K
Event: 169.834 GC heap after
Heap after GC invocations=168 (full 10):
 def new generation   total 279808K, used 8587K [0x0000000080000000, 0x0000000092f90000, 0x00000000aaaa0000)
  eden space 248768K,   0% used [0x0000000080000000, 0x0000000080000000, 0x000000008f2f0000)
  from space 31040K,  27% used [0x000000008f2f0000, 0x000000008fb52d28, 0x0000000091140000)
  to   space 31040K,   0% used [0x0000000091140000, 0x0000000091140000, 0x0000000092f90000)
 tenured generation   total 621400K, used 579600K [0x00000000aaaa0000, 0x00000000d0976000, 0x0000000100000000)
   the space 621400K,  93% used [0x00000000aaaa0000, 0x00000000ce0a43a0, 0x00000000ce0a4400, 0x00000000d0976000)
 Metaspace       used 157046K, capacity 163178K, committed 163456K, reserved 1191936K
  class space    used 19483K, capacity 20764K, committed 20864K, reserved 1048576K
}
Event: 172.834 GC heap before
{Heap before GC invocations=168 (full 10):
 def new generation   total 279808K, used 257355K [0x0000000080000000, 0x0000000092f90000, 0x00000000aaaa0000)
  eden space 248768K, 100% used [0x0000000080000000, 0x000000008f2f0000, 0x000000008f2f0000)
  from space 31040K,  27% used [0x000000008f2f0000, 0x000000008fb52d28, 0x0000000091140000)
  to   space 31040K,   0% used [0x0000000091140000, 0x0000000091140000, 0x0000000092f90000)
 tenured generation   total 621400K, used 579600K [0x00000000aaaa0000, 0x00000000d0976000, 0x0000000100000000)
   the space 621400K,  93% used [0x00000000aaaa0000, 0x00000000ce0a43a0, 0x00000000ce0a4400, 0x00000000d0976000)
 Metaspace       used 158148K, capacity 164436K, committed 164608K, reserved 1193984K
  class space    used 19610K, capacity 20923K, committed 20992K, reserved 1048576K
Event: 172.932 GC heap after
Heap after GC invocations=169 (full 10):
 def new generation   total 279808K, used 21943K [0x0000000080000000, 0x0000000092f90000, 0x00000000aaaa0000)
  eden space 248768K,   0% used [0x0000000080000000, 0x0000000080000000, 0x000000008f2f0000)
  from space 31040K,  70% used [0x0000000091140000, 0x00000000926adce0, 0x0000000092f90000)
  to   space 31040K,   0% used [0x000000008f2f0000, 0x000000008f2f0000, 0x0000000091140000)
 tenured generation   total 621400K, used 579600K [0x00000000aaaa0000, 0x00000000d0976000, 0x0000000100000000)
   the space 621400K,  93% used [0x00000000aaaa0000, 0x00000000ce0a43a0, 0x00000000ce0a4400, 0x00000000d0976000)
 Metaspace       used 158148K, capacity 164436K, committed 164608K, reserved 1193984K
  class space    used 19610K, capacity 20923K, committed 20992K, reserved 1048576K
}
Event: 175.220 GC heap before
{Heap before GC invocations=169 (full 10):
 def new generation   total 279808K, used 270711K [0x0000000080000000, 0x0000000092f90000, 0x00000000aaaa0000)
  eden space 248768K, 100% used [0x0000000080000000, 0x000000008f2f0000, 0x000000008f2f0000)
  from space 31040K,  70% used [0x0000000091140000, 0x00000000926adce0, 0x0000000092f90000)
  to   space 31040K,   0% used [0x000000008f2f0000, 0x000000008f2f0000, 0x0000000091140000)
 tenured generation   total 621400K, used 579600K [0x00000000aaaa0000, 0x00000000d0976000, 0x0000000100000000)
   the space 621400K,  93% used [0x00000000aaaa0000, 0x00000000ce0a43a0, 0x00000000ce0a4400, 0x00000000d0976000)
 Metaspace       used 158229K, capacity 164528K, committed 164864K, reserved 1193984K
  class space    used 19611K, capacity 20925K, committed 20992K, reserved 1048576K
Event: 175.720 GC heap after
Heap after GC invocations=170 (full 10):
 def new generation   total 279808K, used 31039K [0x0000000080000000, 0x0000000092f90000, 0x00000000aaaa0000)
  eden space 248768K,   0% used [0x0000000080000000, 0x0000000080000000, 0x000000008f2f0000)
  from space 31040K,  99% used [0x000000008f2f0000, 0x000000009113fff8, 0x0000000091140000)
  to   space 31040K,   0% used [0x0000000091140000, 0x0000000091140000, 0x0000000092f90000)
 tenured generation   total 621400K, used 607339K [0x00000000aaaa0000, 0x00000000d0976000, 0x0000000100000000)
   the space 621400K,  97% used [0x00000000aaaa0000, 0x00000000cfbbae50, 0x00000000cfbbb000, 0x00000000d0976000)
 Metaspace       used 158229K, capacity 164528K, committed 164864K, reserved 1193984K
  class space    used 19611K, capacity 20925K, committed 20992K, reserved 1048576K
}
Event: 177.766 GC heap before
{Heap before GC invocations=170 (full 10):
 def new generation   total 279808K, used 279807K [0x0000000080000000, 0x0000000092f90000, 0x00000000aaaa0000)
  eden space 248768K, 100% used [0x0000000080000000, 0x000000008f2f0000, 0x000000008f2f0000)
  from space 31040K,  99% used [0x000000008f2f0000, 0x000000009113fff8, 0x0000000091140000)
  to   space 31040K,   0% used [0x0000000091140000, 0x0000000091140000, 0x0000000092f90000)
 tenured generation   total 621400K, used 607339K [0x00000000aaaa0000, 0x00000000d0976000, 0x0000000100000000)
   the space 621400K,  97% used [0x00000000aaaa0000, 0x00000000cfbbae50, 0x00000000cfbbb000, 0x00000000d0976000)
 Metaspace       used 158240K, capacity 164536K, committed 164864K, reserved 1193984K
  class space    used 19611K, capacity 20925K, committed 20992K, reserved 1048576K

